<?xml version="1.0" encoding="UTF-8"?>
<testsuite name="com.kyosk.config.ConfigApplicationTests" tests="1" skipped="0" failures="0" errors="0" timestamp="2020-11-25T18:55:29" hostname="victors-thinkpad-t490sab" time="0.012">
  <properties/>
  <testcase name="contextLoads()" classname="com.kyosk.config.ConfigApplicationTests" time="0.012"/>
  <system-out><![CDATA[21:55:28.950 [Test worker] DEBUG org.springframework.test.context.BootstrapUtils - Instantiating CacheAwareContextLoaderDelegate from class [org.springframework.test.context.cache.DefaultCacheAwareContextLoaderDelegate]
21:55:28.961 [Test worker] DEBUG org.springframework.test.context.BootstrapUtils - Instantiating BootstrapContext using constructor [public org.springframework.test.context.support.DefaultBootstrapContext(java.lang.Class,org.springframework.test.context.CacheAwareContextLoaderDelegate)]
21:55:28.992 [Test worker] DEBUG org.springframework.test.context.BootstrapUtils - Instantiating TestContextBootstrapper for test class [com.kyosk.config.ConfigApplicationTests] from class [org.springframework.boot.test.context.SpringBootTestContextBootstrapper]
21:55:29.002 [Test worker] INFO org.springframework.boot.test.context.SpringBootTestContextBootstrapper - Neither @ContextConfiguration nor @ContextHierarchy found for test class [com.kyosk.config.ConfigApplicationTests], using SpringBootContextLoader
21:55:29.005 [Test worker] DEBUG org.springframework.test.context.support.AbstractContextLoader - Did not detect default resource location for test class [com.kyosk.config.ConfigApplicationTests]: class path resource [com/kyosk/config/ConfigApplicationTests-context.xml] does not exist
21:55:29.005 [Test worker] DEBUG org.springframework.test.context.support.AbstractContextLoader - Did not detect default resource location for test class [com.kyosk.config.ConfigApplicationTests]: class path resource [com/kyosk/config/ConfigApplicationTestsContext.groovy] does not exist
21:55:29.005 [Test worker] INFO org.springframework.test.context.support.AbstractContextLoader - Could not detect default resource locations for test class [com.kyosk.config.ConfigApplicationTests]: no resource found for suffixes {-context.xml, Context.groovy}.
21:55:29.042 [Test worker] DEBUG org.springframework.test.context.support.ActiveProfilesUtils - Could not find an 'annotation declaring class' for annotation type [org.springframework.test.context.ActiveProfiles] and class [com.kyosk.config.ConfigApplicationTests]
21:55:29.124 [Test worker] DEBUG org.springframework.boot.test.context.SpringBootTestContextBootstrapper - @TestExecutionListeners is not present for class [com.kyosk.config.ConfigApplicationTests]: using defaults.
21:55:29.125 [Test worker] INFO org.springframework.boot.test.context.SpringBootTestContextBootstrapper - Loaded default TestExecutionListener class names from location [META-INF/spring.factories]: [org.springframework.boot.test.autoconfigure.restdocs.RestDocsTestExecutionListener, org.springframework.boot.test.autoconfigure.web.client.MockRestServiceServerResetTestExecutionListener, org.springframework.boot.test.autoconfigure.web.servlet.MockMvcPrintOnlyOnFailureTestExecutionListener, org.springframework.boot.test.autoconfigure.web.servlet.WebDriverTestExecutionListener, org.springframework.boot.test.autoconfigure.webservices.client.MockWebServiceServerTestExecutionListener, org.springframework.boot.test.mock.mockito.MockitoTestExecutionListener, org.springframework.boot.test.mock.mockito.ResetMocksTestExecutionListener, org.springframework.test.context.web.ServletTestExecutionListener, org.springframework.test.context.support.DirtiesContextBeforeModesTestExecutionListener, org.springframework.test.context.support.DependencyInjectionTestExecutionListener, org.springframework.test.context.support.DirtiesContextTestExecutionListener, org.springframework.test.context.transaction.TransactionalTestExecutionListener, org.springframework.test.context.jdbc.SqlScriptsTestExecutionListener, org.springframework.test.context.event.EventPublishingTestExecutionListener]
21:55:29.138 [Test worker] INFO org.springframework.boot.test.context.SpringBootTestContextBootstrapper - Using TestExecutionListeners: [org.springframework.test.context.web.ServletTestExecutionListener@5c2caf20, org.springframework.test.context.support.DirtiesContextBeforeModesTestExecutionListener@1f782664, org.springframework.boot.test.mock.mockito.MockitoTestExecutionListener@7285d7eb, org.springframework.boot.test.autoconfigure.SpringBootDependencyInjectionTestExecutionListener@682e4630, org.springframework.test.context.support.DirtiesContextTestExecutionListener@5142b1ba, org.springframework.test.context.transaction.TransactionalTestExecutionListener@f57f6f0, org.springframework.test.context.jdbc.SqlScriptsTestExecutionListener@5331427e, org.springframework.test.context.event.EventPublishingTestExecutionListener@493491ee, org.springframework.boot.test.autoconfigure.restdocs.RestDocsTestExecutionListener@dbf3613, org.springframework.boot.test.autoconfigure.web.client.MockRestServiceServerResetTestExecutionListener@3defa122, org.springframework.boot.test.autoconfigure.web.servlet.MockMvcPrintOnlyOnFailureTestExecutionListener@64142653, org.springframework.boot.test.autoconfigure.web.servlet.WebDriverTestExecutionListener@94270de, org.springframework.boot.test.autoconfigure.webservices.client.MockWebServiceServerTestExecutionListener@7db9c04b, org.springframework.boot.test.mock.mockito.ResetMocksTestExecutionListener@3d9f986f]
21:55:29.142 [Test worker] DEBUG org.springframework.test.context.support.AbstractDirtiesContextTestExecutionListener - Before test class: context [DefaultTestContext@34d563be testClass = ConfigApplicationTests, testInstance = [null], testMethod = [null], testException = [null], mergedContextConfiguration = [WebMergedContextConfiguration@48835789 testClass = ConfigApplicationTests, locations = '{}', classes = '{class com.kyosk.config.TestDbConfig, class com.kyosk.config.TestDbConfig}', contextInitializerClasses = '[]', activeProfiles = '{}', propertySourceLocations = '{}', propertySourceProperties = '{org.springframework.boot.test.context.SpringBootTestContextBootstrapper=true}', contextCustomizers = set[org.springframework.boot.test.autoconfigure.actuate.metrics.MetricsExportContextCustomizerFactory$DisableMetricExportContextCustomizer@70209a12, org.springframework.boot.test.autoconfigure.properties.PropertyMappingContextCustomizer@0, org.springframework.boot.test.autoconfigure.web.servlet.WebDriverContextCustomizerFactory$Customizer@6961a8d, org.springframework.boot.test.context.filter.ExcludeFilterContextCustomizer@14e27970, org.springframework.boot.test.json.DuplicateJsonObjectContextCustomizerFactory$DuplicateJsonObjectContextCustomizer@68b8a5f2, org.springframework.boot.test.mock.mockito.MockitoContextCustomizer@0, org.springframework.boot.test.web.client.TestRestTemplateContextCustomizer@431158e, org.springframework.boot.test.web.reactive.server.WebTestClientContextCustomizer@484692f0, org.springframework.boot.test.context.SpringBootTestArgs@1, org.springframework.boot.test.context.SpringBootTestWebEnvironment@7a1493ca], resourceBasePath = 'src/main/webapp', contextLoader = 'org.springframework.boot.test.context.SpringBootContextLoader', parent = [null]], attributes = map['org.springframework.test.context.web.ServletTestExecutionListener.activateListener' -> true]], class annotated with @DirtiesContext [false] with mode [null].
21:55:29.166 [Test worker] DEBUG org.springframework.test.context.support.TestPropertySourceUtils - Adding inlined properties to environment: {spring.jmx.enabled=false, org.springframework.boot.test.context.SpringBootTestContextBootstrapper=true}

  .   ____          _            __ _ _
 /\\ / ___'_ __ _ _(_)_ __  __ _ \ \ \ \
( ( )\___ | '_ | '_| | '_ \/ _` | \ \ \ \
 \\/  ___)| |_)| | | | | || (_| |  ) ) ) )
  '  |____| .__|_| |_|_| |_\__, | / / / /
 =========|_|==============|___/=/_/_/_/
 :: Spring Boot ::                (v2.4.0)

2020-11-25 21:55:29.511  INFO 29625 --- [    Test worker] com.kyosk.config.ConfigApplicationTests  : Starting ConfigApplicationTests using Java 11.0.8 on victors-thinkpad-t490sab with PID 29625 (started by victor in /home/victor/Desktop/config-victor)
2020-11-25 21:55:29.516  INFO 29625 --- [    Test worker] com.kyosk.config.ConfigApplicationTests  : No active profile set, falling back to default profiles: default
2020-11-25 21:55:29.850  INFO 29625 --- [    Test worker] com.kyosk.config.ConfigApplicationTests  : Started ConfigApplicationTests in 0.677 seconds (JVM running for 2.476)
]]></system-out>
  <system-err><![CDATA[]]></system-err>
</testsuite>
