<?xml version="1.0" encoding="UTF-8"?>
<testsuite name="com.kyosk.config.service.impl.ConfigServiceImplTest" tests="2" skipped="0" failures="0" errors="0" timestamp="2020-11-25T18:55:28" hostname="victors-thinkpad-t490sab" time="0.792">
  <properties/>
  <testcase name="canGetConfigByName()" classname="com.kyosk.config.service.impl.ConfigServiceImplTest" time="0.787"/>
  <testcase name="canGetConfig()" classname="com.kyosk.config.service.impl.ConfigServiceImplTest" time="0.004"/>
  <system-out><![CDATA[]]></system-out>
  <system-err><![CDATA[]]></system-err>
</testsuite>
